<?xml version="1.0" encoding="UTF-8"?>
<!-- Generated by org.testng.reporters.JUnitReportReporter -->
<testsuite hostname="JARVIS" failures="0" tests="4" name="com.tutorialsninja.qa.testcases.Register" time="27.781" errors="0" timestamp="2024-05-05T14:11:11 IST" skipped="0">
  <testcase classname="com.tutorialsninja.qa.testcases.Register" name="verifyRegisteringAccountWithMandatoryFields" time="6.584"/>
  <testcase classname="com.tutorialsninja.qa.testcases.Register" name="verifyRegistrateringAccountWithAllFields" time="8.035"/>
  <testcase classname="com.tutorialsninja.qa.testcases.Register" name="verifyRegistrationAccountWithExistingEmailAddress" time="8.202"/>
  <testcase classname="com.tutorialsninja.qa.testcases.Register" name="verifyRegisterationWithoutFillingAnyData" time="4.960"/>
</testsuite> <!-- com.tutorialsninja.qa.testcases.Register -->
