<?xml version="1.0" encoding="UTF-8"?>
<!-- Generated by org.testng.reporters.JUnitReportReporter -->
<testsuite hostname="JARVIS" failures="0" tests="3" name="com.tutorialsninja.qa.testcases.Search" time="13.907" errors="0" timestamp="2024-05-05T14:11:11 IST" skipped="0">
  <testcase classname="com.tutorialsninja.qa.testcases.Search" name="verifySearchWithValidProduct" time="4.430"/>
  <testcase classname="com.tutorialsninja.qa.testcases.Search" name="verifySearchWithInvalidProduct" time="5.821"/>
  <testcase classname="com.tutorialsninja.qa.testcases.Search" name="verifySearchWithoutProduct" time="3.656"/>
</testsuite> <!-- com.tutorialsninja.qa.testcases.Search -->
