<?xml version="1.0" encoding="UTF-8"?>
<!-- Generated by org.testng.reporters.JUnitReportReporter -->
<testsuite hostname="JARVIS" failures="0" tests="3" name="com.tutorialsninja.qa.testcases.Serarch" time="14.035" errors="0" timestamp="2024-05-05T14:00:07 IST" skipped="0">
  <testcase classname="com.tutorialsninja.qa.testcases.Serarch" name="verifySearchWithValidProduct" time="6.117"/>
  <testcase classname="com.tutorialsninja.qa.testcases.Serarch" name="verifySearchWithInvalidProduct" time="4.114"/>
  <testcase classname="com.tutorialsninja.qa.testcases.Serarch" name="verifySearchWithoutProduct" time="3.804"/>
</testsuite> <!-- com.tutorialsninja.qa.testcases.Serarch -->
