<?xml version="1.0" encoding="UTF-8"?>
<!-- Generated by org.testng.reporters.JUnitReportReporter -->
<testsuite hostname="JARVIS" failures="0" tests="5" name="com.tutorialsninja.qa.testcases.Login" time="49.111" errors="0" timestamp="2024-05-09T20:18:56 IST" skipped="0">
  <testcase classname="com.tutorialsninja.qa.testcases.Login" name="verifyLoginWithInvalidCredentials" time="13.952"/>
  <testcase classname="com.tutorialsninja.qa.testcases.Login" name="verifyLoginWithValidCredentials" time="8.013"/>
  <testcase classname="com.tutorialsninja.qa.testcases.Login" name="verifyLoginWithValidEmailInvalidPassword" time="7.115"/>
  <testcase classname="com.tutorialsninja.qa.testcases.Login" name="verifyLoginWithInvalidEmailvalidPassword" time="9.091"/>
  <testcase classname="com.tutorialsninja.qa.testcases.Login" name="verifyLoginWithoutCredentials" time="10.940"/>
</testsuite> <!-- com.tutorialsninja.qa.testcases.Login -->
