<?xml version="1.0" encoding="UTF-8"?>
<!-- Generated by org.testng.reporters.JUnitReportReporter -->
<testsuite hostname="JARVIS" failures="0" tests="4" name="com.tutorialsninja.qa.testcases.Register" time="20.046" errors="0" timestamp="2024-05-08T16:49:37 IST" skipped="0">
  <testcase classname="com.tutorialsninja.qa.testcases.Register" name="verifyRegisteringAccountWithMandatoryFields" time="5.210"/>
  <testcase classname="com.tutorialsninja.qa.testcases.Register" name="verifyRegistrateringAccountWithAllFields" time="4.748"/>
  <testcase classname="com.tutorialsninja.qa.testcases.Register" name="verifyRegistrationAccountWithExistingEmailAddress" time="5.083"/>
  <testcase classname="com.tutorialsninja.qa.testcases.Register" name="verifyRegisterationWithoutFillingAnyData" time="5.005"/>
</testsuite> <!-- com.tutorialsninja.qa.testcases.Register -->
